platforms/android/app/build/outputs/logs/manifest-merger-release-report.txt
-- Merging decision tree log ---
provider#org.apache.cordova.camera.FileProvider
INJECTED from src\main\AndroidManifest.xml:16:9-18:20
	android:grantUriPermissions
		ADDED from src\main\AndroidManifest.xml:16:92-126
	android:authorities
		INJECTED from src\main\AndroidManifest.xml
		ADDED from src\main\AndroidManifest.xml:16:19-66
	android:exported
		ADDED from src\main\AndroidManifest.xml:16:67-91
	android:name
		ADDED from src\main\AndroidManifest.xml:16:127-180
manifest
ADDED from src\main\AndroidManifest.xml:2:1-33:12
INJECTED from src\main\AndroidManifest.xml:2:1-33:12
INJECTED from src\main\AndroidManifest.xml:2:1-33:12
INJECTED from src\main\AndroidManifest.xml:2:1-33:12
MERGED from [com.android.support:support-v4:24.1.1] AndroidManifest.xml:17:1-27:12
MERGED from [:CordovaLib] AndroidManifest.xml:20:1-27:12
INJECTED from src\main\AndroidManifest.xml:2:1-33:12
INJECTED from src\main\AndroidManifest.xml:2:1-33:12
INJECTED from src\main\AndroidManifest.xml:2:1-33:12
	package
		ADDED from src\main\AndroidManifest.xml:2:100-134
		INJECTED from src\main\AndroidManifest.xml
		INJECTED from src\main\AndroidManifest.xml
	android:versionName
		ADDED from src\main\AndroidManifest.xml:2:72-99
		INJECTED from src\main\AndroidManifest.xml
		INJECTED from src\main\AndroidManifest.xml
	android:hardwareAccelerated
		ADDED from src\main\AndroidManifest.xml:2:11-45
	xmlns:android
		ADDED from src\main\AndroidManifest.xml:2:135-193
	android:versionCode
		ADDED from src\main\AndroidManifest.xml:2:46-71
		INJECTED from src\main\AndroidManifest.xml
		INJECTED from src\main\AndroidManifest.xml
supports-screens
ADDED from src\main\AndroidManifest.xml:3:5-191
	android:largeScreens
		ADDED from src\main\AndroidManifest.xml:3:49-76
	android:smallScreens
		ADDED from src\main\AndroidManifest.xml:3:132-159
	android:normalScreens
		ADDED from src\main\AndroidManifest.xml:3:77-105
	android:xlargeScreens
		ADDED from src\main\AndroidManifest.xml:3:160-188
	android:resizeable
		ADDED from src\main\AndroidManifest.xml:3:106-131
	android:anyDensity
		ADDED from src\main\AndroidManifest.xml:3:23-48
uses-permission#android.permission.INTERNET
ADDED from src\main\AndroidManifest.xml:4:5-67
	android:name
		ADDED from src\main\AndroidManifest.xml:4:22-64
application
ADDED from src\main\AndroidManifest.xml:5:5-19:19
MERGED from [com.android.support:support-v4:24.1.1] AndroidManifest.xml:25:5-20
MERGED from [com.android.support:support-v4:24.1.1] AndroidManifest.xml:25:5-20
	android:supportsRtl
		ADDED from src\main\AndroidManifest.xml:5:114-140
	android:label
		ADDED from src\main\AndroidManifest.xml:5:81-113
	android:hardwareAccelerated
		ADDED from src\main\AndroidManifest.xml:5:18-52
	android:icon
		ADDED from src\main\AndroidManifest.xml:5:53-80
activity#lu.autisme.displayclient.MainActivity
ADDED from src\main\AndroidManifest.xml:6:9-15:20
	android:label
		ADDED from src\main\AndroidManifest.xml:6:97-134
	android:launchMode
		ADDED from src\main\AndroidManifest.xml:6:135-165
	android:windowSoftInputMode
		ADDED from src\main\AndroidManifest.xml:6:257-299
	android:configChanges
		ADDED from src\main\AndroidManifest.xml:6:19-96
	android:theme
		ADDED from src\main\AndroidManifest.xml:6:194-256
	android:name
		ADDED from src\main\AndroidManifest.xml:6:166-193
intent-filter#android.intent.action.MAIN+android.intent.category.DEFAULT+android.intent.category.LAUNCHER+android.intent.category.LEANBACK_LAUNCHER+tv.ouya.intent.category.APP+tv.ouya.intent.category.GAME
ADDED from src\main\AndroidManifest.xml:7:13-14:29
	android:label
		ADDED from src\main\AndroidManifest.xml:7:28-65
action#android.intent.action.MAIN
ADDED from src\main\AndroidManifest.xml:8:17-69
	android:name
		ADDED from src\main\AndroidManifest.xml:8:25-66
category#android.intent.category.LAUNCHER
ADDED from src\main\AndroidManifest.xml:9:17-77
	android:name
		ADDED from src\main\AndroidManifest.xml:9:27-74
category#android.intent.category.DEFAULT
ADDED from src\main\AndroidManifest.xml:10:17-76
	android:name
		ADDED from src\main\AndroidManifest.xml:10:27-73
category#tv.ouya.intent.category.GAME
ADDED from src\main\AndroidManifest.xml:11:17-73
	android:name
		ADDED from src\main\AndroidManifest.xml:11:27-70
category#android.intent.category.LEANBACK_LAUNCHER
ADDED from src\main\AndroidManifest.xml:12:17-86
	android:name
		ADDED from src\main\AndroidManifest.xml:12:27-83
category#tv.ouya.intent.category.APP
ADDED from src\main\AndroidManifest.xml:13:17-72
	android:name
		ADDED from src\main\AndroidManifest.xml:13:27-69
uses-sdk
ADDED from src\main\AndroidManifest.xml:20:5-74
MERGED from [com.android.support:support-v4:24.1.1] AndroidManifest.xml:21:5-23:54
MERGED from [com.android.support:support-v4:24.1.1] AndroidManifest.xml:21:5-23:54
MERGED from [:CordovaLib] AndroidManifest.xml:25:5-44
MERGED from [:CordovaLib] AndroidManifest.xml:25:5-44
	tools:overrideLibrary
		ADDED from [com.android.support:support-v4:24.1.1] AndroidManifest.xml:23:9-51
	android:targetSdkVersion
		ADDED from src\main\AndroidManifest.xml:20:42-71
	android:minSdkVersion
		ADDED from src\main\AndroidManifest.xml:20:15-41
uses-feature#android.software.leanback
ADDED from src\main\AndroidManifest.xml:21:5-87
	android:required
		ADDED from src\main\AndroidManifest.xml:21:60-84
	android:name
		ADDED from src\main\AndroidManifest.xml:21:19-59
uses-feature#android.hardware.touchscreen
ADDED from src\main\AndroidManifest.xml:22:5-90
	android:required
		ADDED from src\main\AndroidManifest.xml:22:63-87
	android:name
		ADDED from src\main\AndroidManifest.xml:22:19-62
uses-feature#android.hardware.camera
ADDED from src\main\AndroidManifest.xml:23:5-85
	android:required
		ADDED from src\main\AndroidManifest.xml:23:58-82
	android:name
		ADDED from src\main\AndroidManifest.xml:23:19-57
uses-feature#android.hardware.camera.autofocus
ADDED from src\main\AndroidManifest.xml:24:5-95
	android:required
		ADDED from src\main\AndroidManifest.xml:24:68-92
	android:name
		ADDED from src\main\AndroidManifest.xml:24:19-67
uses-feature#android.hardware.microphone
ADDED from src\main\AndroidManifest.xml:25:5-89
	android:required
		ADDED from src\main\AndroidManifest.xml:25:62-86
	android:name
		ADDED from src\main\AndroidManifest.xml:25:19-61
uses-feature#android.hardware.wifi
ADDED from src\main\AndroidManifest.xml:26:5-83
	android:required
		ADDED from src\main\AndroidManifest.xml:26:56-80
	android:name
		ADDED from src\main\AndroidManifest.xml:26:19-55
uses-feature#android.hardware.bluetooth
ADDED from src\main\AndroidManifest.xml:27:5-88
	android:required
		ADDED from src\main\AndroidManifest.xml:27:61-85
	android:name
		ADDED from src\main\AndroidManifest.xml:27:19-60
uses-feature#android.hardware.location
ADDED from src\main\AndroidManifest.xml:28:5-87
	android:required
		ADDED from src\main\AndroidManifest.xml:28:60-84
	android:name
		ADDED from src\main\AndroidManifest.xml:28:19-59
uses-feature#android.hardware.location.gps
ADDED from src\main\AndroidManifest.xml:29:5-91
	android:required
		ADDED from src\main\AndroidManifest.xml:29:64-88
	android:name
		ADDED from src\main\AndroidManifest.xml:29:19-63
uses-feature#android.hardware.location.network
ADDED from src\main\AndroidManifest.xml:30:5-95
	android:required
		ADDED from src\main\AndroidManifest.xml:30:68-92
	android:name
		ADDED from src\main\AndroidManifest.xml:30:19-67
uses-feature#android.hardware.telephony
ADDED from src\main\AndroidManifest.xml:31:5-88
	android:required
		ADDED from src\main\AndroidManifest.xml:31:61-85
	android:name
		ADDED from src\main\AndroidManifest.xml:31:19-60
uses-permission#android.permission.WRITE_EXTERNAL_STORAGE
ADDED from src\main\AndroidManifest.xml:32:5-81
	android:name
		ADDED from src\main\AndroidManifest.xml:32:22-78
meta-data#android.support.FILE_PROVIDER_PATHS
ADDED from src\main\AndroidManifest.xml:17:13-123
	android:resource
		ADDED from src\main\AndroidManifest.xml:17:75-120
	android:name
		ADDED from src\main\AndroidManifest.xml:17:24-74